O-|OO-OO
O-|OOO-O
O-|O-OOO
O-|-OOOO
O-|OO-OO
-O|OO-OO
O-|-OOOO
O-|O-OOO
O-|OOO-O
O-|OOOO-
-O|-OOOO
-O|O-OOO
-O|OO-OO
O-|OOO-O
-O|O-OOO
-O|OO-OO
-O|OOO-O
-O|OOOO-
O-|-OOOO
O-|O-OOO
O-|O-OOO
O-|O-OOO
O-|-OOOO
O-|-OOOO
O-|O-OOO
-O|OOOO-
-O|OOOO-
-O|-OOOO
O-|OOOO-
O-|OO-OO
-O|OOO-O
O-|O-OOO
O-|O-OOO
-O|OOOO-
O-|OO-OO
O-|OOOO-
-O|-OOOO
-O|-OOOO
-O|-OOOO
O-|-OOOO
-O|O-OOO
-O|O-OOO
O-|O-OOO
O-|OOO-O
O-|OOO-O
-O|OO-OO
-O|OOO-O
-O|OOOO-
-O|OOOO-
-O|OOO-O
-O|OO-OO
-O|O-OOO
-O|-OOOO
O-|OOOO-
O-|OOO-O
O-|OO-OO
O-|O-OOO
O-|-OOOO
-O|OOOO-
-O|OOO-O
-O|OO-OO
-O|O-OOO
-O|-OOOO
O-|OOOO-
O-|OOO-O
O-|OO-OO
O-|-OOOO
O-|-OOOO
O-|-OOOO
O-|-OOOO
O-|-OOOO
O-|-OOOO
O-|-OOOO
O-|-OOOO
O-|O-OOO
O-|O-OOO
O-|O-OOO
O-|O-OOO
O-|O-OOO
O-|O-OOO
O-|O-OOO
O-|O-OOO
O-|O-OOO
O-|O-OOO
O-|-OOOO
-O|OOOO-
O-|-OOOO
-O|OOOO-
O-|-OOOO
-O|OOOO-
O-|-OOOO
-O|OOOO-
O-|O-OOO
O-|OO-OO
O-|OOO-O
O-|OOOO-
-O|-OOOO
-O|O-OOO
-O|OO-OO
-O|OOO-O
-O|OOOO-
-O|-OOOO
O-|OO-OO
O-|O-OOO
-O|-OOOO
-O|O-OOO
O-|O-OOO
-O|-OOOO
O-|OOOO-
-O|O-OOO
O-|-OOOO
O-|-OOOO
O-|O-OOO
O-|O-OOO
-O|-OOOO
-O|-OOOO
O-|OOOO-
O-|OOOO-
-O|OOOO-
-O|OOOO-
-O|OOOO-
-O|OOOO-
-O|OOOO-
-O|OOOO-
-O|OOOO-
-O|OOOO-
-O|OOOO-
O-|OOO-O
O-|OO-OO
-O|-OOOO
-O|OOO-O
O-|O-OOO
O-|OO-OO
O-|OOOO-
-O|OOO-O
-O|OOOO-
-O|OOOO-
O-|O-OOO
O-|-OOOO
O-|-OOOO
O-|-OOOO
O-|-OOOO
O-|-OOOO
O-|-OOOO
O-|-OOOO
O-|O-OOO